<?xml version="1.0" encoding="UTF-8"?>
<testsuite xmlns:xsi="http://www.w3.org/2001/XMLSchema-instance" xsi:noNamespaceSchemaLocation="https://maven.apache.org/surefire/maven-surefire-plugin/xsd/surefire-test-report-3.0.xsd" version="3.0" name="tests.SwagLabsTest" time="7.703" tests="3" errors="0" skipped="0" failures="0">
  <properties>
[...]
</properties>
  <testcase name="loginTest" classname="tests.SwagLabsTest" time="5.198">
    <system-out><![CDATA[10:53:46.720 [main] DEBUG io.github.bonigarcia.wdm.cache.ResolutionCache -- Resolution chrome=133 in cache (valid until 11:53:20 28/02/2025 MST)
10:53:46.722 [main] DEBUG io.github.bonigarcia.wdm.cache.ResolutionCache -- Resolution chrome133=133.0.6943.141 in cache (valid until 14:37:02 28/02/2025 MST)
10:53:46.722 [main] INFO io.github.bonigarcia.wdm.WebDriverManager -- Using chromedriver 133.0.6943.141 (resolved driver for Chrome 133)
10:53:46.728 [main] DEBUG io.github.bonigarcia.wdm.WebDriverManager -- Driver chromedriver 133.0.6943.141 found in cache
10:53:46.729 [main] INFO io.github.bonigarcia.wdm.WebDriverManager -- Exporting webdriver.chrome.driver as /Users/chriswang/.cache/selenium/chromedriver/mac-arm64/133.0.6943.141/chromedriver
10:53:46.780 [main] DEBUG io.netty.util.internal.logging.InternalLoggerFactory -- Using SLF4J as the default logging framework
10:53:46.781 [main] DEBUG io.netty.util.ResourceLeakDetector -- -Dio.netty.leakDetection.level: simple
10:53:46.781 [main] DEBUG io.netty.util.ResourceLeakDetector -- -Dio.netty.leakDetection.targetRecords: 4
10:53:46.782 [main] DEBUG io.netty.util.ResourceLeakDetectorFactory -- Loaded default ResourceLeakDetector: io.netty.util.ResourceLeakDetector@4ae33a11
10:53:46.789 [main] DEBUG io.netty.util.internal.PlatformDependent0 -- -Dio.netty.noUnsafe: false
10:53:46.789 [main] DEBUG io.netty.util.internal.PlatformDependent0 -- Java version: 23
10:53:46.790 [main] DEBUG io.netty.util.internal.PlatformDependent0 -- sun.misc.Unsafe.theUnsafe: available
10:53:46.790 [main] DEBUG io.netty.util.internal.PlatformDependent0 -- sun.misc.Unsafe.copyMemory: available
10:53:46.790 [main] DEBUG io.netty.util.internal.PlatformDependent0 -- sun.misc.Unsafe.storeFence: available
10:53:46.790 [main] DEBUG io.netty.util.internal.PlatformDependent0 -- java.nio.Buffer.address: available
10:53:46.790 [main] DEBUG io.netty.util.internal.PlatformDependent0 -- direct buffer constructor: unavailable: java.nio.DirectByteBuffer.<init>(long,int)
10:53:46.791 [main] DEBUG io.netty.util.internal.PlatformDependent0 -- java.nio.Bits.unaligned: available, true
10:53:46.791 [main] DEBUG io.netty.util.internal.PlatformDependent0 -- jdk.internal.misc.Unsafe.allocateUninitializedArray(int): unavailable: class io.netty.util.internal.PlatformDependent0$7 cannot access class jdk.internal.misc.Unsafe (in module java.base) because module java.base does not export jdk.internal.misc to unnamed module @4d1b0d2a
10:53:46.791 [main] DEBUG io.netty.util.internal.PlatformDependent0 -- java.nio.DirectByteBuffer.<init>(long, int): unavailable
10:53:46.791 [main] DEBUG io.netty.util.internal.PlatformDependent -- sun.misc.Unsafe: available
10:53:46.792 [main] DEBUG io.netty.util.internal.PlatformDependent -- maxDirectMemory: 4294967296 bytes (maybe)
10:53:46.792 [main] DEBUG io.netty.util.internal.PlatformDependent -- -Dio.netty.tmpdir: /var/folders/zj/s_xxlg8537560k6bl279x8c00000gn/T (java.io.tmpdir)
10:53:46.792 [main] DEBUG io.netty.util.internal.PlatformDependent -- -Dio.netty.bitMode: 64 (sun.arch.data.model)
10:53:46.792 [main] DEBUG io.netty.util.internal.PlatformDependent -- Platform: MacOS
10:53:46.792 [main] DEBUG io.netty.util.internal.PlatformDependent -- -Dio.netty.maxDirectMemory: -1 bytes
10:53:46.792 [main] DEBUG io.netty.util.internal.PlatformDependent -- -Dio.netty.uninitializedArrayAllocationThreshold: -1
10:53:46.794 [main] DEBUG io.netty.util.internal.CleanerJava9 -- java.nio.ByteBuffer.cleaner(): available
10:53:46.794 [main] DEBUG io.netty.util.internal.PlatformDependent -- -Dio.netty.noPreferDirect: false
10:53:46.797 [main] DEBUG io.netty.util.internal.PlatformDependent -- org.jctools-core.MpscChunkedArrayQueue: available
10:53:46.802 [main] DEBUG io.netty.util.internal.InternalThreadLocalMap -- -Dio.netty.threadLocalMap.stringBuilder.initialSize: 1024
10:53:46.802 [main] DEBUG io.netty.util.internal.InternalThreadLocalMap -- -Dio.netty.threadLocalMap.stringBuilder.maxSize: 4096
10:53:46.823 [main] DEBUG io.netty.handler.ssl.JdkSslContext -- Default protocols (JDK): [TLSv1.3, TLSv1.2] 
10:53:46.823 [main] DEBUG io.netty.handler.ssl.JdkSslContext -- Default cipher suites (JDK): [TLS_ECDHE_ECDSA_WITH_AES_256_GCM_SHA384, TLS_ECDHE_ECDSA_WITH_AES_128_GCM_SHA256, TLS_ECDHE_RSA_WITH_AES_128_GCM_SHA256, TLS_ECDHE_RSA_WITH_AES_256_GCM_SHA384, TLS_ECDHE_RSA_WITH_AES_128_CBC_SHA, TLS_ECDHE_RSA_WITH_AES_256_CBC_SHA, TLS_RSA_WITH_AES_128_GCM_SHA256, TLS_RSA_WITH_AES_128_CBC_SHA, TLS_RSA_WITH_AES_256_CBC_SHA, TLS_AES_128_GCM_SHA256, TLS_AES_256_GCM_SHA384]
10:53:46.827 [main] DEBUG io.netty.util.concurrent.GlobalEventExecutor -- -Dio.netty.globalEventExecutor.quietPeriodSeconds: 1
10:53:46.831 [main] DEBUG io.netty.channel.MultithreadEventLoopGroup -- -Dio.netty.eventLoopThreads: 16
10:53:46.834 [main] DEBUG io.netty.channel.nio.NioEventLoop -- -Dio.netty.noKeySetOptimization: false
10:53:46.834 [main] DEBUG io.netty.channel.nio.NioEventLoop -- -Dio.netty.selectorAutoRebuildThreshold: 512
10:53:46.843 [main] DEBUG io.netty.buffer.PooledByteBufAllocator -- -Dio.netty.allocator.numHeapArenas: 16
10:53:46.844 [main] DEBUG io.netty.buffer.PooledByteBufAllocator -- -Dio.netty.allocator.numDirectArenas: 16
10:53:46.844 [main] DEBUG io.netty.buffer.PooledByteBufAllocator -- -Dio.netty.allocator.pageSize: 8192
10:53:46.844 [main] DEBUG io.netty.buffer.PooledByteBufAllocator -- -Dio.netty.allocator.maxOrder: 9
10:53:46.844 [main] DEBUG io.netty.buffer.PooledByteBufAllocator -- -Dio.netty.allocator.chunkSize: 4194304
10:53:46.844 [main] DEBUG io.netty.buffer.PooledByteBufAllocator -- -Dio.netty.allocator.smallCacheSize: 256
10:53:46.844 [main] DEBUG io.netty.buffer.PooledByteBufAllocator -- -Dio.netty.allocator.normalCacheSize: 64
10:53:46.844 [main] DEBUG io.netty.buffer.PooledByteBufAllocator -- -Dio.netty.allocator.maxCachedBufferCapacity: 32768
10:53:46.844 [main] DEBUG io.netty.buffer.PooledByteBufAllocator -- -Dio.netty.allocator.cacheTrimInterval: 8192
10:53:46.844 [main] DEBUG io.netty.buffer.PooledByteBufAllocator -- -Dio.netty.allocator.cacheTrimIntervalMillis: 0
10:53:46.844 [main] DEBUG io.netty.buffer.PooledByteBufAllocator -- -Dio.netty.allocator.useCacheForAllThreads: false
10:53:46.844 [main] DEBUG io.netty.buffer.PooledByteBufAllocator -- -Dio.netty.allocator.maxCachedByteBuffersPerChunk: 1023
10:53:46.848 [main] DEBUG io.netty.buffer.ByteBufUtil -- -Dio.netty.allocator.type: pooled
10:53:46.848 [main] DEBUG io.netty.buffer.ByteBufUtil -- -Dio.netty.threadLocalDirectBufferSize: 0
10:53:46.848 [main] DEBUG io.netty.buffer.ByteBufUtil -- -Dio.netty.maxThreadLocalCharBufferSize: 16384
10:53:46.976 [Forwarding newSession on session null to remote] DEBUG io.netty.channel.DefaultChannelId -- -Dio.netty.processId: 80145 (auto-detected)
10:53:46.977 [Forwarding newSession on session null to remote] DEBUG io.netty.util.NetUtil -- -Djava.net.preferIPv4Stack: false
10:53:46.977 [Forwarding newSession on session null to remote] DEBUG io.netty.util.NetUtil -- -Djava.net.preferIPv6Addresses: false
10:53:46.980 [Forwarding newSession on session null to remote] DEBUG io.netty.util.NetUtilInitializations -- Loopback interface: lo0 (lo0, 0:0:0:0:0:0:0:1%lo0)
10:53:46.980 [Forwarding newSession on session null to remote] DEBUG io.netty.util.NetUtil -- Failed to get SOMAXCONN from sysctl and file /proc/sys/net/core/somaxconn. Default: 128
10:53:46.981 [Forwarding newSession on session null to remote] DEBUG io.netty.channel.DefaultChannelId -- -Dio.netty.machineId: 0a:28:e7:ff:fe:39:7c:8b (auto-detected)
10:53:47.002 [AsyncHttpClient-1-2] DEBUG io.netty.buffer.AbstractByteBuf -- -Dio.netty.buffer.checkAccessible: true
10:53:47.002 [AsyncHttpClient-1-2] DEBUG io.netty.buffer.AbstractByteBuf -- -Dio.netty.buffer.checkBounds: true
10:53:47.002 [AsyncHttpClient-1-2] DEBUG io.netty.util.ResourceLeakDetectorFactory -- Loaded default ResourceLeakDetector: io.netty.util.ResourceLeakDetector@4228db41
10:53:47.008 [AsyncHttpClient-1-2] DEBUG org.asynchttpclient.netty.channel.NettyConnectListener -- Using new Channel '[id: 0x2b8d367c, L:/127.0.0.1:58810 - R:localhost/127.0.0.1:27639]' for 'POST' to '/session'
10:53:47.015 [AsyncHttpClient-1-2] DEBUG io.netty.util.Recycler -- -Dio.netty.recycler.maxCapacityPerThread: 4096
10:53:47.015 [AsyncHttpClient-1-2] DEBUG io.netty.util.Recycler -- -Dio.netty.recycler.ratio: 8
10:53:47.015 [AsyncHttpClient-1-2] DEBUG io.netty.util.Recycler -- -Dio.netty.recycler.chunkSize: 32
10:53:47.015 [AsyncHttpClient-1-2] DEBUG io.netty.util.Recycler -- -Dio.netty.recycler.blocking: false
10:53:47.015 [AsyncHttpClient-1-2] DEBUG io.netty.util.Recycler -- -Dio.netty.recycler.batchFastThreadLocalOnly: true
10:53:47.681 [AsyncHttpClient-1-2] DEBUG io.netty.handler.codec.compression.Brotli -- brotli4j not in the classpath; Brotli support will be unavailable.
10:53:47.681 [AsyncHttpClient-1-2] DEBUG org.asynchttpclient.netty.handler.HttpHandler -- 

Request DefaultHttpRequest(decodeResult: success, version: HTTP/1.1)
POST /session HTTP/1.1
User-Agent: selenium/4.10.0 (java mac)
Content-Length: 254
Content-Type: application/json; charset=utf-8
host: localhost:27639
accept: */*

Response DefaultHttpResponse(decodeResult: success, version: HTTP/1.1)
HTTP/1.1 200 OK
Content-Length: 892
Content-Type: application/json; charset=utf-8
cache-control: no-cache

10:53:47.684 [AsyncHttpClient-1-2] DEBUG org.asynchttpclient.netty.channel.ChannelManager -- Adding key: http://localhost:27639 for channel [id: 0x2b8d367c, L:/127.0.0.1:58810 - R:localhost/127.0.0.1:27639]
10:53:47.713 [AsyncHttpClient-1-3] DEBUG org.asynchttpclient.netty.channel.NettyConnectListener -- Using new Channel '[id: 0x35d2c8ce, L:/127.0.0.1:58817 - R:localhost/127.0.0.1:58811]' for 'GET' to '/json/version'
10:53:47.715 [AsyncHttpClient-1-3] DEBUG org.asynchttpclient.netty.handler.HttpHandler -- 

Request DefaultFullHttpRequest(decodeResult: success, version: HTTP/1.1, content: EmptyByteBufBE)
GET /json/version HTTP/1.1
User-Agent: selenium/4.10.0 (java mac)
host: localhost:58811
accept: */*

Response DefaultHttpResponse(decodeResult: success, version: HTTP/1.1)
HTTP/1.1 200 OK
Content-Security-Policy: frame-ancestors 'none'
Content-Length: 422
Content-Type: application/json; charset=UTF-8

10:53:47.716 [AsyncHttpClient-1-3] DEBUG org.asynchttpclient.netty.channel.ChannelManager -- Adding key: http://localhost:58811 for channel [id: 0x35d2c8ce, L:/127.0.0.1:58817 - R:localhost/127.0.0.1:58811]
10:53:47.719 [main] DEBUG io.netty.util.internal.ThreadLocalRandom -- -Dio.netty.initialSeedUniquifier: 0x32e6052d77fca7b5
10:53:47.720 [AsyncHttpClient-1-4] DEBUG org.asynchttpclient.netty.channel.NettyConnectListener -- Using new Channel '[id: 0xc0921f71, L:/127.0.0.1:58818 - R:localhost/127.0.0.1:58811]' for 'GET' to '/devtools/browser/237b6904-c276-4eba-b161-b1d8958204f2'
10:53:47.722 [AsyncHttpClient-1-4] DEBUG org.asynchttpclient.netty.handler.WebSocketHandler -- 

Request DefaultFullHttpRequest(decodeResult: success, version: HTTP/1.1, content: EmptyByteBufBE)
GET /devtools/browser/237b6904-c276-4eba-b161-b1d8958204f2 HTTP/1.1
upgrade: websocket
connection: upgrade
sec-websocket-key: 34lExoWLG18OftlRfXbQBw==
sec-websocket-version: 13
origin: http://localhost:58811
host: localhost:58811
accept: */*
user-agent: AHC/2.1

Response DefaultHttpResponse(decodeResult: success, version: HTTP/1.1)
HTTP/1.1 101 WebSocket Protocol Handshake
Upgrade: WebSocket
Connection: Upgrade
Sec-WebSocket-Accept: c13A1eJPbxPFupEhLp19fWZbKyY=

10:53:47.738 [Forwarding maximizeCurrentWindow on session 510179eeeb9ea9f0f05f3b7a2d7485ff to remote] DEBUG org.asynchttpclient.netty.request.NettyRequestSender -- Using pooled Channel '[id: 0x2b8d367c, L:/127.0.0.1:58810 - R:localhost/127.0.0.1:27639]' for 'POST' to 'http://localhost:27639/session/510179eeeb9ea9f0f05f3b7a2d7485ff/window/maximize'
10:53:47.738 [Forwarding maximizeCurrentWindow on session 510179eeeb9ea9f0f05f3b7a2d7485ff to remote] DEBUG org.asynchttpclient.netty.request.NettyRequestSender -- Using open Channel [id: 0x2b8d367c, L:/127.0.0.1:58810 - R:localhost/127.0.0.1:27639] for POST '/session/510179eeeb9ea9f0f05f3b7a2d7485ff/window/maximize'
10:53:47.902 [AsyncHttpClient-1-1] DEBUG org.asynchttpclient.netty.channel.DefaultChannelPool -- Entry count for : http://localhost:58811 : 1
10:53:48.071 [AsyncHttpClient-1-2] DEBUG org.asynchttpclient.netty.handler.HttpHandler -- 

Request DefaultHttpRequest(decodeResult: success, version: HTTP/1.1)
POST /session/510179eeeb9ea9f0f05f3b7a2d7485ff/window/maximize HTTP/1.1
User-Agent: selenium/4.10.0 (java mac)
Content-Length: 3
Content-Type: application/json; charset=utf-8
host: localhost:27639
accept: */*

Response DefaultHttpResponse(decodeResult: success, version: HTTP/1.1)
HTTP/1.1 200 OK
Content-Length: 50
Content-Type: application/json; charset=utf-8
cache-control: no-cache

10:53:48.072 [AsyncHttpClient-1-2] DEBUG org.asynchttpclient.netty.channel.ChannelManager -- Adding key: http://localhost:27639 for channel [id: 0x2b8d367c, L:/127.0.0.1:58810 - R:localhost/127.0.0.1:27639]
10:53:48.077 [Forwarding get on session 510179eeeb9ea9f0f05f3b7a2d7485ff to remote] DEBUG org.asynchttpclient.netty.request.NettyRequestSender -- Using pooled Channel '[id: 0x2b8d367c, L:/127.0.0.1:58810 - R:localhost/127.0.0.1:27639]' for 'POST' to 'http://localhost:27639/session/510179eeeb9ea9f0f05f3b7a2d7485ff/url'
10:53:48.077 [Forwarding get on session 510179eeeb9ea9f0f05f3b7a2d7485ff to remote] DEBUG org.asynchttpclient.netty.request.NettyRequestSender -- Using open Channel [id: 0x2b8d367c, L:/127.0.0.1:58810 - R:localhost/127.0.0.1:27639] for POST '/session/510179eeeb9ea9f0f05f3b7a2d7485ff/url'
10:53:48.529 [AsyncHttpClient-1-2] DEBUG org.asynchttpclient.netty.handler.HttpHandler -- 

Request DefaultHttpRequest(decodeResult: success, version: HTTP/1.1)
POST /session/510179eeeb9ea9f0f05f3b7a2d7485ff/url HTTP/1.1
User-Agent: selenium/4.10.0 (java mac)
Content-Length: 56
Content-Type: application/json; charset=utf-8
host: localhost:27639
accept: */*

Response DefaultHttpResponse(decodeResult: success, version: HTTP/1.1)
HTTP/1.1 200 OK
Content-Length: 14
Content-Type: application/json; charset=utf-8
cache-control: no-cache

10:53:48.529 [AsyncHttpClient-1-2] DEBUG org.asynchttpclient.netty.channel.ChannelManager -- Adding key: http://localhost:27639 for channel [id: 0x2b8d367c, L:/127.0.0.1:58810 - R:localhost/127.0.0.1:27639]
10:53:48.539 [Forwarding findElement on session 510179eeeb9ea9f0f05f3b7a2d7485ff to remote] DEBUG org.asynchttpclient.netty.request.NettyRequestSender -- Using pooled Channel '[id: 0x2b8d367c, L:/127.0.0.1:58810 - R:localhost/127.0.0.1:27639]' for 'POST' to 'http://localhost:27639/session/510179eeeb9ea9f0f05f3b7a2d7485ff/element'
10:53:48.539 [Forwarding findElement on session 510179eeeb9ea9f0f05f3b7a2d7485ff to remote] DEBUG org.asynchttpclient.netty.request.NettyRequestSender -- Using open Channel [id: 0x2b8d367c, L:/127.0.0.1:58810 - R:localhost/127.0.0.1:27639] for POST '/session/510179eeeb9ea9f0f05f3b7a2d7485ff/element'
10:53:48.547 [AsyncHttpClient-1-2] DEBUG org.asynchttpclient.netty.handler.HttpHandler -- 

Request DefaultHttpRequest(decodeResult: success, version: HTTP/1.1)
POST /session/510179eeeb9ea9f0f05f3b7a2d7485ff/element HTTP/1.1
User-Agent: selenium/4.10.0 (java mac)
Content-Length: 56
Content-Type: application/json; charset=utf-8
host: localhost:27639
accept: */*

Response DefaultHttpResponse(decodeResult: success, version: HTTP/1.1)
HTTP/1.1 200 OK
Content-Length: 125
Content-Type: application/json; charset=utf-8
cache-control: no-cache

10:53:48.547 [AsyncHttpClient-1-2] DEBUG org.asynchttpclient.netty.channel.ChannelManager -- Adding key: http://localhost:27639 for channel [id: 0x2b8d367c, L:/127.0.0.1:58810 - R:localhost/127.0.0.1:27639]
10:53:48.550 [Forwarding sendKeysToElement on session 510179eeeb9ea9f0f05f3b7a2d7485ff to remote] DEBUG org.asynchttpclient.netty.request.NettyRequestSender -- Using pooled Channel '[id: 0x2b8d367c, L:/127.0.0.1:58810 - R:localhost/127.0.0.1:27639]' for 'POST' to 'http://localhost:27639/session/510179eeeb9ea9f0f05f3b7a2d7485ff/element/f.4E4766E737F21A9BC96203D3CBF90036.d.751FD4F6ECB5E3BC264A79708983A45A.e.2/value'
10:53:48.551 [Forwarding sendKeysToElement on session 510179eeeb9ea9f0f05f3b7a2d7485ff to remote] DEBUG org.asynchttpclient.netty.request.NettyRequestSender -- Using open Channel [id: 0x2b8d367c, L:/127.0.0.1:58810 - R:localhost/127.0.0.1:27639] for POST '/session/510179eeeb9ea9f0f05f3b7a2d7485ff/element/f.4E4766E737F21A9BC96203D3CBF90036.d.751FD4F6ECB5E3BC264A79708983A45A.e.2/value'
10:53:48.630 [AsyncHttpClient-1-2] DEBUG org.asynchttpclient.netty.handler.HttpHandler -- 

Request DefaultHttpRequest(decodeResult: success, version: HTTP/1.1)
POST /session/510179eeeb9ea9f0f05f3b7a2d7485ff/element/f.4E4766E737F21A9BC96203D3CBF90036.d.751FD4F6ECB5E3BC264A79708983A45A.e.2/value HTTP/1.1
User-Agent: selenium/4.10.0 (java mac)
Content-Length: 348
Content-Type: application/json; charset=utf-8
host: localhost:27639
accept: */*

Response DefaultHttpResponse(decodeResult: success, version: HTTP/1.1)
HTTP/1.1 200 OK
Content-Length: 14
Content-Type: application/json; charset=utf-8
cache-control: no-cache

10:53:48.631 [AsyncHttpClient-1-2] DEBUG org.asynchttpclient.netty.channel.ChannelManager -- Adding key: http://localhost:27639 for channel [id: 0x2b8d367c, L:/127.0.0.1:58810 - R:localhost/127.0.0.1:27639]
10:53:48.633 [Forwarding findElement on session 510179eeeb9ea9f0f05f3b7a2d7485ff to remote] DEBUG org.asynchttpclient.netty.request.NettyRequestSender -- Using pooled Channel '[id: 0x2b8d367c, L:/127.0.0.1:58810 - R:localhost/127.0.0.1:27639]' for 'POST' to 'http://localhost:27639/session/510179eeeb9ea9f0f05f3b7a2d7485ff/element'
10:53:48.633 [Forwarding findElement on session 510179eeeb9ea9f0f05f3b7a2d7485ff to remote] DEBUG org.asynchttpclient.netty.request.NettyRequestSender -- Using open Channel [id: 0x2b8d367c, L:/127.0.0.1:58810 - R:localhost/127.0.0.1:27639] for POST '/session/510179eeeb9ea9f0f05f3b7a2d7485ff/element'
10:53:48.639 [AsyncHttpClient-1-2] DEBUG org.asynchttpclient.netty.handler.HttpHandler -- 

Request DefaultHttpRequest(decodeResult: success, version: HTTP/1.1)
POST /session/510179eeeb9ea9f0f05f3b7a2d7485ff/element HTTP/1.1
User-Agent: selenium/4.10.0 (java mac)
Content-Length: 62
Content-Type: application/json; charset=utf-8
host: localhost:27639
accept: */*

Response DefaultHttpResponse(decodeResult: success, version: HTTP/1.1)
HTTP/1.1 200 OK
Content-Length: 125
Content-Type: application/json; charset=utf-8
cache-control: no-cache

10:53:48.639 [AsyncHttpClient-1-2] DEBUG org.asynchttpclient.netty.channel.ChannelManager -- Adding key: http://localhost:27639 for channel [id: 0x2b8d367c, L:/127.0.0.1:58810 - R:localhost/127.0.0.1:27639]
10:53:48.640 [Forwarding sendKeysToElement on session 510179eeeb9ea9f0f05f3b7a2d7485ff to remote] DEBUG org.asynchttpclient.netty.request.NettyRequestSender -- Using pooled Channel '[id: 0x2b8d367c, L:/127.0.0.1:58810 - R:localhost/127.0.0.1:27639]' for 'POST' to 'http://localhost:27639/session/510179eeeb9ea9f0f05f3b7a2d7485ff/element/f.4E4766E737F21A9BC96203D3CBF90036.d.751FD4F6ECB5E3BC264A79708983A45A.e.4/value'
10:53:48.640 [Forwarding sendKeysToElement on session 510179eeeb9ea9f0f05f3b7a2d7485ff to remote] DEBUG org.asynchttpclient.netty.request.NettyRequestSender -- Using open Channel [id: 0x2b8d367c, L:/127.0.0.1:58810 - R:localhost/127.0.0.1:27639] for POST '/session/510179eeeb9ea9f0f05f3b7a2d7485ff/element/f.4E4766E737F21A9BC96203D3CBF90036.d.751FD4F6ECB5E3BC264A79708983A45A.e.4/value'
10:53:48.667 [AsyncHttpClient-1-2] DEBUG org.asynchttpclient.netty.handler.HttpHandler -- 

Request DefaultHttpRequest(decodeResult: success, version: HTTP/1.1)
POST /session/510179eeeb9ea9f0f05f3b7a2d7485ff/element/f.4E4766E737F21A9BC96203D3CBF90036.d.751FD4F6ECB5E3BC264A79708983A45A.e.4/value HTTP/1.1
User-Agent: selenium/4.10.0 (java mac)
Content-Length: 238
Content-Type: application/json; charset=utf-8
host: localhost:27639
accept: */*

Response DefaultHttpResponse(decodeResult: success, version: HTTP/1.1)
HTTP/1.1 200 OK
Content-Length: 14
Content-Type: application/json; charset=utf-8
cache-control: no-cache

10:53:48.667 [AsyncHttpClient-1-2] DEBUG org.asynchttpclient.netty.channel.ChannelManager -- Adding key: http://localhost:27639 for channel [id: 0x2b8d367c, L:/127.0.0.1:58810 - R:localhost/127.0.0.1:27639]
10:53:48.668 [Forwarding findElement on session 510179eeeb9ea9f0f05f3b7a2d7485ff to remote] DEBUG org.asynchttpclient.netty.request.NettyRequestSender -- Using pooled Channel '[id: 0x2b8d367c, L:/127.0.0.1:58810 - R:localhost/127.0.0.1:27639]' for 'POST' to 'http://localhost:27639/session/510179eeeb9ea9f0f05f3b7a2d7485ff/element'
10:53:48.668 [Forwarding findElement on session 510179eeeb9ea9f0f05f3b7a2d7485ff to remote] DEBUG org.asynchttpclient.netty.request.NettyRequestSender -- Using open Channel [id: 0x2b8d367c, L:/127.0.0.1:58810 - R:localhost/127.0.0.1:27639] for POST '/session/510179eeeb9ea9f0f05f3b7a2d7485ff/element'
10:53:48.673 [AsyncHttpClient-1-2] DEBUG org.asynchttpclient.netty.handler.HttpHandler -- 

Request DefaultHttpRequest(decodeResult: success, version: HTTP/1.1)
POST /session/510179eeeb9ea9f0f05f3b7a2d7485ff/element HTTP/1.1
User-Agent: selenium/4.10.0 (java mac)
Content-Length: 57
Content-Type: application/json; charset=utf-8
host: localhost:27639
accept: */*

Response DefaultHttpResponse(decodeResult: success, version: HTTP/1.1)
HTTP/1.1 200 OK
Content-Length: 125
Content-Type: application/json; charset=utf-8
cache-control: no-cache

10:53:48.673 [AsyncHttpClient-1-2] DEBUG org.asynchttpclient.netty.channel.ChannelManager -- Adding key: http://localhost:27639 for channel [id: 0x2b8d367c, L:/127.0.0.1:58810 - R:localhost/127.0.0.1:27639]
10:53:48.674 [Forwarding clickElement on session 510179eeeb9ea9f0f05f3b7a2d7485ff to remote] DEBUG org.asynchttpclient.netty.request.NettyRequestSender -- Using pooled Channel '[id: 0x2b8d367c, L:/127.0.0.1:58810 - R:localhost/127.0.0.1:27639]' for 'POST' to 'http://localhost:27639/session/510179eeeb9ea9f0f05f3b7a2d7485ff/element/f.4E4766E737F21A9BC96203D3CBF90036.d.751FD4F6ECB5E3BC264A79708983A45A.e.5/click'
10:53:48.675 [Forwarding clickElement on session 510179eeeb9ea9f0f05f3b7a2d7485ff to remote] DEBUG org.asynchttpclient.netty.request.NettyRequestSender -- Using open Channel [id: 0x2b8d367c, L:/127.0.0.1:58810 - R:localhost/127.0.0.1:27639] for POST '/session/510179eeeb9ea9f0f05f3b7a2d7485ff/element/f.4E4766E737F21A9BC96203D3CBF90036.d.751FD4F6ECB5E3BC264A79708983A45A.e.5/click'
10:53:48.999 [AsyncHttpClient-1-1] DEBUG org.asynchttpclient.netty.channel.DefaultChannelPool -- Entry count for : http://localhost:58811 : 1
10:53:50.104 [AsyncHttpClient-1-1] DEBUG org.asynchttpclient.netty.channel.DefaultChannelPool -- Entry count for : http://localhost:58811 : 1
10:53:51.199 [AsyncHttpClient-1-1] DEBUG org.asynchttpclient.netty.channel.DefaultChannelPool -- Entry count for : http://localhost:58811 : 1
10:53:52.300 [AsyncHttpClient-1-1] DEBUG org.asynchttpclient.netty.channel.DefaultChannelPool -- Entry count for : http://localhost:58811 : 1
10:53:53.400 [AsyncHttpClient-1-1] DEBUG org.asynchttpclient.netty.channel.DefaultChannelPool -- Entry count for : http://localhost:58811 : 1
10:53:53.720 [AsyncHttpClient-1-2] DEBUG org.asynchttpclient.netty.handler.HttpHandler -- 

Request DefaultHttpRequest(decodeResult: success, version: HTTP/1.1)
POST /session/510179eeeb9ea9f0f05f3b7a2d7485ff/element/f.4E4766E737F21A9BC96203D3CBF90036.d.751FD4F6ECB5E3BC264A79708983A45A.e.5/click HTTP/1.1
User-Agent: selenium/4.10.0 (java mac)
Content-Length: 87
Content-Type: application/json; charset=utf-8
host: localhost:27639
accept: */*

Response DefaultHttpResponse(decodeResult: success, version: HTTP/1.1)
HTTP/1.1 200 OK
Content-Length: 14
Content-Type: application/json; charset=utf-8
cache-control: no-cache

10:53:53.721 [AsyncHttpClient-1-2] DEBUG org.asynchttpclient.netty.channel.ChannelManager -- Adding key: http://localhost:27639 for channel [id: 0x2b8d367c, L:/127.0.0.1:58810 - R:localhost/127.0.0.1:27639]
10:53:53.722 [Forwarding getCurrentUrl on session 510179eeeb9ea9f0f05f3b7a2d7485ff to remote] DEBUG org.asynchttpclient.netty.request.NettyRequestSender -- Using pooled Channel '[id: 0x2b8d367c, L:/127.0.0.1:58810 - R:localhost/127.0.0.1:27639]' for 'GET' to 'http://localhost:27639/session/510179eeeb9ea9f0f05f3b7a2d7485ff/url'
10:53:53.722 [Forwarding getCurrentUrl on session 510179eeeb9ea9f0f05f3b7a2d7485ff to remote] DEBUG org.asynchttpclient.netty.request.NettyRequestSender -- Using open Channel [id: 0x2b8d367c, L:/127.0.0.1:58810 - R:localhost/127.0.0.1:27639] for GET '/session/510179eeeb9ea9f0f05f3b7a2d7485ff/url'
10:53:53.726 [AsyncHttpClient-1-2] DEBUG org.asynchttpclient.netty.handler.HttpHandler -- 

Request DefaultFullHttpRequest(decodeResult: success, version: HTTP/1.1, content: EmptyByteBufBE)
GET /session/510179eeeb9ea9f0f05f3b7a2d7485ff/url HTTP/1.1
User-Agent: selenium/4.10.0 (java mac)
Cache-Control: no-cache
Content-Type: application/json; charset=utf-8
host: localhost:27639
accept: */*

Response DefaultHttpResponse(decodeResult: success, version: HTTP/1.1)
HTTP/1.1 200 OK
Content-Length: 52
Content-Type: application/json; charset=utf-8
cache-control: no-cache

10:53:53.727 [AsyncHttpClient-1-2] DEBUG org.asynchttpclient.netty.channel.ChannelManager -- Adding key: http://localhost:27639 for channel [id: 0x2b8d367c, L:/127.0.0.1:58810 - R:localhost/127.0.0.1:27639]
]]></system-out>
    <system-err><![CDATA[Feb 28, 2025 10:53:46 A.M. org.openqa.selenium.remote.service.DriverService$Builder getLogOutput
INFO: Driver logs no longer sent to console by default; https://www.selenium.dev/documentation/webdriver/drivers/service/#setting-log-output
Feb 28, 2025 10:53:47 A.M. org.openqa.selenium.devtools.CdpVersionFinder findNearestMatch
WARNING: Unable to find CDP implementation matching 133
Feb 28, 2025 10:53:47 A.M. org.openqa.selenium.chromium.ChromiumDriver lambda$new$4
WARNING: Unable to find version of CDP to use for . You may need to include a dependency on a specific version of the CDP using something similar to `org.seleniumhq.selenium:selenium-devtools-v86:4.10.0` where the version ("v86") matches the version of the chromium-based browser you're using and the version number of the artifact is the same as Selenium's.
]]></system-err>
  </testcase>
  <testcase name="addTwoRandomItemsToCartTest" classname="tests.SwagLabsTest" time="0.133">
    <system-out><![CDATA[10:53:53.734 [Forwarding findElements on session 510179eeeb9ea9f0f05f3b7a2d7485ff to remote] DEBUG org.asynchttpclient.netty.request.NettyRequestSender -- Using pooled Channel '[id: 0x2b8d367c, L:/127.0.0.1:58810 - R:localhost/127.0.0.1:27639]' for 'POST' to 'http://localhost:27639/session/510179eeeb9ea9f0f05f3b7a2d7485ff/elements'
10:53:53.734 [Forwarding findElements on session 510179eeeb9ea9f0f05f3b7a2d7485ff to remote] DEBUG org.asynchttpclient.netty.request.NettyRequestSender -- Using open Channel [id: 0x2b8d367c, L:/127.0.0.1:58810 - R:localhost/127.0.0.1:27639] for POST '/session/510179eeeb9ea9f0f05f3b7a2d7485ff/elements'
10:53:53.741 [AsyncHttpClient-1-2] DEBUG org.asynchttpclient.netty.handler.HttpHandler -- 

Request DefaultHttpRequest(decodeResult: success, version: HTTP/1.1)
POST /session/510179eeeb9ea9f0f05f3b7a2d7485ff/elements HTTP/1.1
User-Agent: selenium/4.10.0 (java mac)
Content-Length: 59
Content-Type: application/json; charset=utf-8
host: localhost:27639
accept: */*

Response DefaultHttpResponse(decodeResult: success, version: HTTP/1.1)
HTTP/1.1 200 OK
Content-Length: 713
Content-Type: application/json; charset=utf-8
cache-control: no-cache

10:53:53.742 [AsyncHttpClient-1-2] DEBUG org.asynchttpclient.netty.channel.ChannelManager -- Adding key: http://localhost:27639 for channel [id: 0x2b8d367c, L:/127.0.0.1:58810 - R:localhost/127.0.0.1:27639]
10:53:53.746 [Forwarding findChildElement on session 510179eeeb9ea9f0f05f3b7a2d7485ff to remote] DEBUG org.asynchttpclient.netty.request.NettyRequestSender -- Using pooled Channel '[id: 0x2b8d367c, L:/127.0.0.1:58810 - R:localhost/127.0.0.1:27639]' for 'POST' to 'http://localhost:27639/session/510179eeeb9ea9f0f05f3b7a2d7485ff/element/f.4E4766E737F21A9BC96203D3CBF90036.d.751FD4F6ECB5E3BC264A79708983A45A.e.28/element'
10:53:53.746 [Forwarding findChildElement on session 510179eeeb9ea9f0f05f3b7a2d7485ff to remote] DEBUG org.asynchttpclient.netty.request.NettyRequestSender -- Using open Channel [id: 0x2b8d367c, L:/127.0.0.1:58810 - R:localhost/127.0.0.1:27639] for POST '/session/510179eeeb9ea9f0f05f3b7a2d7485ff/element/f.4E4766E737F21A9BC96203D3CBF90036.d.751FD4F6ECB5E3BC264A79708983A45A.e.28/element'
10:53:53.752 [AsyncHttpClient-1-2] DEBUG org.asynchttpclient.netty.handler.HttpHandler -- 

Request DefaultHttpRequest(decodeResult: success, version: HTTP/1.1)
POST /session/510179eeeb9ea9f0f05f3b7a2d7485ff/element/f.4E4766E737F21A9BC96203D3CBF90036.d.751FD4F6ECB5E3BC264A79708983A45A.e.28/element HTTP/1.1
User-Agent: selenium/4.10.0 (java mac)
Content-Length: 152
Content-Type: application/json; charset=utf-8
host: localhost:27639
accept: */*

Response DefaultHttpResponse(decodeResult: success, version: HTTP/1.1)
HTTP/1.1 200 OK
Content-Length: 126
Content-Type: application/json; charset=utf-8
cache-control: no-cache

10:53:53.752 [AsyncHttpClient-1-2] DEBUG org.asynchttpclient.netty.channel.ChannelManager -- Adding key: http://localhost:27639 for channel [id: 0x2b8d367c, L:/127.0.0.1:58810 - R:localhost/127.0.0.1:27639]
10:53:53.753 [Forwarding clickElement on session 510179eeeb9ea9f0f05f3b7a2d7485ff to remote] DEBUG org.asynchttpclient.netty.request.NettyRequestSender -- Using pooled Channel '[id: 0x2b8d367c, L:/127.0.0.1:58810 - R:localhost/127.0.0.1:27639]' for 'POST' to 'http://localhost:27639/session/510179eeeb9ea9f0f05f3b7a2d7485ff/element/f.4E4766E737F21A9BC96203D3CBF90036.d.751FD4F6ECB5E3BC264A79708983A45A.e.34/click'
10:53:53.753 [Forwarding clickElement on session 510179eeeb9ea9f0f05f3b7a2d7485ff to remote] DEBUG org.asynchttpclient.netty.request.NettyRequestSender -- Using open Channel [id: 0x2b8d367c, L:/127.0.0.1:58810 - R:localhost/127.0.0.1:27639] for POST '/session/510179eeeb9ea9f0f05f3b7a2d7485ff/element/f.4E4766E737F21A9BC96203D3CBF90036.d.751FD4F6ECB5E3BC264A79708983A45A.e.34/click'
10:53:53.774 [AsyncHttpClient-1-2] DEBUG org.asynchttpclient.netty.handler.HttpHandler -- 

Request DefaultHttpRequest(decodeResult: success, version: HTTP/1.1)
POST /session/510179eeeb9ea9f0f05f3b7a2d7485ff/element/f.4E4766E737F21A9BC96203D3CBF90036.d.751FD4F6ECB5E3BC264A79708983A45A.e.34/click HTTP/1.1
User-Agent: selenium/4.10.0 (java mac)
Content-Length: 88
Content-Type: application/json; charset=utf-8
host: localhost:27639
accept: */*

Response DefaultHttpResponse(decodeResult: success, version: HTTP/1.1)
HTTP/1.1 200 OK
Content-Length: 14
Content-Type: application/json; charset=utf-8
cache-control: no-cache

10:53:53.774 [AsyncHttpClient-1-2] DEBUG org.asynchttpclient.netty.channel.ChannelManager -- Adding key: http://localhost:27639 for channel [id: 0x2b8d367c, L:/127.0.0.1:58810 - R:localhost/127.0.0.1:27639]
10:53:53.775 [Forwarding findChildElement on session 510179eeeb9ea9f0f05f3b7a2d7485ff to remote] DEBUG org.asynchttpclient.netty.request.NettyRequestSender -- Using pooled Channel '[id: 0x2b8d367c, L:/127.0.0.1:58810 - R:localhost/127.0.0.1:27639]' for 'POST' to 'http://localhost:27639/session/510179eeeb9ea9f0f05f3b7a2d7485ff/element/f.4E4766E737F21A9BC96203D3CBF90036.d.751FD4F6ECB5E3BC264A79708983A45A.e.28/element'
10:53:53.775 [Forwarding findChildElement on session 510179eeeb9ea9f0f05f3b7a2d7485ff to remote] DEBUG org.asynchttpclient.netty.request.NettyRequestSender -- Using open Channel [id: 0x2b8d367c, L:/127.0.0.1:58810 - R:localhost/127.0.0.1:27639] for POST '/session/510179eeeb9ea9f0f05f3b7a2d7485ff/element/f.4E4766E737F21A9BC96203D3CBF90036.d.751FD4F6ECB5E3BC264A79708983A45A.e.28/element'
10:53:53.780 [AsyncHttpClient-1-2] DEBUG org.asynchttpclient.netty.handler.HttpHandler -- 

Request DefaultHttpRequest(decodeResult: success, version: HTTP/1.1)
POST /session/510179eeeb9ea9f0f05f3b7a2d7485ff/element/f.4E4766E737F21A9BC96203D3CBF90036.d.751FD4F6ECB5E3BC264A79708983A45A.e.28/element HTTP/1.1
User-Agent: selenium/4.10.0 (java mac)
Content-Length: 150
Content-Type: application/json; charset=utf-8
host: localhost:27639
accept: */*

Response DefaultHttpResponse(decodeResult: success, version: HTTP/1.1)
HTTP/1.1 200 OK
Content-Length: 126
Content-Type: application/json; charset=utf-8
cache-control: no-cache

10:53:53.780 [AsyncHttpClient-1-2] DEBUG org.asynchttpclient.netty.channel.ChannelManager -- Adding key: http://localhost:27639 for channel [id: 0x2b8d367c, L:/127.0.0.1:58810 - R:localhost/127.0.0.1:27639]
10:53:53.781 [Forwarding getElementText on session 510179eeeb9ea9f0f05f3b7a2d7485ff to remote] DEBUG org.asynchttpclient.netty.request.NettyRequestSender -- Using pooled Channel '[id: 0x2b8d367c, L:/127.0.0.1:58810 - R:localhost/127.0.0.1:27639]' for 'GET' to 'http://localhost:27639/session/510179eeeb9ea9f0f05f3b7a2d7485ff/element/f.4E4766E737F21A9BC96203D3CBF90036.d.751FD4F6ECB5E3BC264A79708983A45A.e.35/text'
10:53:53.781 [Forwarding getElementText on session 510179eeeb9ea9f0f05f3b7a2d7485ff to remote] DEBUG org.asynchttpclient.netty.request.NettyRequestSender -- Using open Channel [id: 0x2b8d367c, L:/127.0.0.1:58810 - R:localhost/127.0.0.1:27639] for GET '/session/510179eeeb9ea9f0f05f3b7a2d7485ff/element/f.4E4766E737F21A9BC96203D3CBF90036.d.751FD4F6ECB5E3BC264A79708983A45A.e.35/text'
10:53:53.788 [AsyncHttpClient-1-2] DEBUG org.asynchttpclient.netty.handler.HttpHandler -- 

Request DefaultFullHttpRequest(decodeResult: success, version: HTTP/1.1, content: EmptyByteBufBE)
GET /session/510179eeeb9ea9f0f05f3b7a2d7485ff/element/f.4E4766E737F21A9BC96203D3CBF90036.d.751FD4F6ECB5E3BC264A79708983A45A.e.35/text HTTP/1.1
User-Agent: selenium/4.10.0 (java mac)
Cache-Control: no-cache
Content-Type: application/json; charset=utf-8
host: localhost:27639
accept: */*

Response DefaultHttpResponse(decodeResult: success, version: HTTP/1.1)
HTTP/1.1 200 OK
Content-Length: 31
Content-Type: application/json; charset=utf-8
cache-control: no-cache

10:53:53.788 [AsyncHttpClient-1-2] DEBUG org.asynchttpclient.netty.channel.ChannelManager -- Adding key: http://localhost:27639 for channel [id: 0x2b8d367c, L:/127.0.0.1:58810 - R:localhost/127.0.0.1:27639]
10:53:53.789 [main] INFO pages.ProductPage -- Added to cart: Sauce Labs Backpack
10:53:53.789 [Forwarding findChildElement on session 510179eeeb9ea9f0f05f3b7a2d7485ff to remote] DEBUG org.asynchttpclient.netty.request.NettyRequestSender -- Using pooled Channel '[id: 0x2b8d367c, L:/127.0.0.1:58810 - R:localhost/127.0.0.1:27639]' for 'POST' to 'http://localhost:27639/session/510179eeeb9ea9f0f05f3b7a2d7485ff/element/f.4E4766E737F21A9BC96203D3CBF90036.d.751FD4F6ECB5E3BC264A79708983A45A.e.29/element'
10:53:53.789 [Forwarding findChildElement on session 510179eeeb9ea9f0f05f3b7a2d7485ff to remote] DEBUG org.asynchttpclient.netty.request.NettyRequestSender -- Using open Channel [id: 0x2b8d367c, L:/127.0.0.1:58810 - R:localhost/127.0.0.1:27639] for POST '/session/510179eeeb9ea9f0f05f3b7a2d7485ff/element/f.4E4766E737F21A9BC96203D3CBF90036.d.751FD4F6ECB5E3BC264A79708983A45A.e.29/element'
10:53:53.792 [AsyncHttpClient-1-2] DEBUG org.asynchttpclient.netty.handler.HttpHandler -- 

Request DefaultHttpRequest(decodeResult: success, version: HTTP/1.1)
POST /session/510179eeeb9ea9f0f05f3b7a2d7485ff/element/f.4E4766E737F21A9BC96203D3CBF90036.d.751FD4F6ECB5E3BC264A79708983A45A.e.29/element HTTP/1.1
User-Agent: selenium/4.10.0 (java mac)
Content-Length: 152
Content-Type: application/json; charset=utf-8
host: localhost:27639
accept: */*

Response DefaultHttpResponse(decodeResult: success, version: HTTP/1.1)
HTTP/1.1 200 OK
Content-Length: 126
Content-Type: application/json; charset=utf-8
cache-control: no-cache

10:53:53.793 [AsyncHttpClient-1-2] DEBUG org.asynchttpclient.netty.channel.ChannelManager -- Adding key: http://localhost:27639 for channel [id: 0x2b8d367c, L:/127.0.0.1:58810 - R:localhost/127.0.0.1:27639]
10:53:53.793 [Forwarding clickElement on session 510179eeeb9ea9f0f05f3b7a2d7485ff to remote] DEBUG org.asynchttpclient.netty.request.NettyRequestSender -- Using pooled Channel '[id: 0x2b8d367c, L:/127.0.0.1:58810 - R:localhost/127.0.0.1:27639]' for 'POST' to 'http://localhost:27639/session/510179eeeb9ea9f0f05f3b7a2d7485ff/element/f.4E4766E737F21A9BC96203D3CBF90036.d.751FD4F6ECB5E3BC264A79708983A45A.e.36/click'
10:53:53.793 [Forwarding clickElement on session 510179eeeb9ea9f0f05f3b7a2d7485ff to remote] DEBUG org.asynchttpclient.netty.request.NettyRequestSender -- Using open Channel [id: 0x2b8d367c, L:/127.0.0.1:58810 - R:localhost/127.0.0.1:27639] for POST '/session/510179eeeb9ea9f0f05f3b7a2d7485ff/element/f.4E4766E737F21A9BC96203D3CBF90036.d.751FD4F6ECB5E3BC264A79708983A45A.e.36/click'
10:53:53.815 [AsyncHttpClient-1-2] DEBUG org.asynchttpclient.netty.handler.HttpHandler -- 

Request DefaultHttpRequest(decodeResult: success, version: HTTP/1.1)
POST /session/510179eeeb9ea9f0f05f3b7a2d7485ff/element/f.4E4766E737F21A9BC96203D3CBF90036.d.751FD4F6ECB5E3BC264A79708983A45A.e.36/click HTTP/1.1
User-Agent: selenium/4.10.0 (java mac)
Content-Length: 88
Content-Type: application/json; charset=utf-8
host: localhost:27639
accept: */*

Response DefaultHttpResponse(decodeResult: success, version: HTTP/1.1)
HTTP/1.1 200 OK
Content-Length: 14
Content-Type: application/json; charset=utf-8
cache-control: no-cache

10:53:53.815 [AsyncHttpClient-1-2] DEBUG org.asynchttpclient.netty.channel.ChannelManager -- Adding key: http://localhost:27639 for channel [id: 0x2b8d367c, L:/127.0.0.1:58810 - R:localhost/127.0.0.1:27639]
10:53:53.817 [Forwarding findChildElement on session 510179eeeb9ea9f0f05f3b7a2d7485ff to remote] DEBUG org.asynchttpclient.netty.request.NettyRequestSender -- Using pooled Channel '[id: 0x2b8d367c, L:/127.0.0.1:58810 - R:localhost/127.0.0.1:27639]' for 'POST' to 'http://localhost:27639/session/510179eeeb9ea9f0f05f3b7a2d7485ff/element/f.4E4766E737F21A9BC96203D3CBF90036.d.751FD4F6ECB5E3BC264A79708983A45A.e.29/element'
10:53:53.817 [Forwarding findChildElement on session 510179eeeb9ea9f0f05f3b7a2d7485ff to remote] DEBUG org.asynchttpclient.netty.request.NettyRequestSender -- Using open Channel [id: 0x2b8d367c, L:/127.0.0.1:58810 - R:localhost/127.0.0.1:27639] for POST '/session/510179eeeb9ea9f0f05f3b7a2d7485ff/element/f.4E4766E737F21A9BC96203D3CBF90036.d.751FD4F6ECB5E3BC264A79708983A45A.e.29/element'
10:53:53.820 [AsyncHttpClient-1-2] DEBUG org.asynchttpclient.netty.handler.HttpHandler -- 

Request DefaultHttpRequest(decodeResult: success, version: HTTP/1.1)
POST /session/510179eeeb9ea9f0f05f3b7a2d7485ff/element/f.4E4766E737F21A9BC96203D3CBF90036.d.751FD4F6ECB5E3BC264A79708983A45A.e.29/element HTTP/1.1
User-Agent: selenium/4.10.0 (java mac)
Content-Length: 150
Content-Type: application/json; charset=utf-8
host: localhost:27639
accept: */*

Response DefaultHttpResponse(decodeResult: success, version: HTTP/1.1)
HTTP/1.1 200 OK
Content-Length: 126
Content-Type: application/json; charset=utf-8
cache-control: no-cache

10:53:53.821 [AsyncHttpClient-1-2] DEBUG org.asynchttpclient.netty.channel.ChannelManager -- Adding key: http://localhost:27639 for channel [id: 0x2b8d367c, L:/127.0.0.1:58810 - R:localhost/127.0.0.1:27639]
10:53:53.821 [Forwarding getElementText on session 510179eeeb9ea9f0f05f3b7a2d7485ff to remote] DEBUG org.asynchttpclient.netty.request.NettyRequestSender -- Using pooled Channel '[id: 0x2b8d367c, L:/127.0.0.1:58810 - R:localhost/127.0.0.1:27639]' for 'GET' to 'http://localhost:27639/session/510179eeeb9ea9f0f05f3b7a2d7485ff/element/f.4E4766E737F21A9BC96203D3CBF90036.d.751FD4F6ECB5E3BC264A79708983A45A.e.38/text'
10:53:53.821 [Forwarding getElementText on session 510179eeeb9ea9f0f05f3b7a2d7485ff to remote] DEBUG org.asynchttpclient.netty.request.NettyRequestSender -- Using open Channel [id: 0x2b8d367c, L:/127.0.0.1:58810 - R:localhost/127.0.0.1:27639] for GET '/session/510179eeeb9ea9f0f05f3b7a2d7485ff/element/f.4E4766E737F21A9BC96203D3CBF90036.d.751FD4F6ECB5E3BC264A79708983A45A.e.38/text'
10:53:53.825 [AsyncHttpClient-1-2] DEBUG org.asynchttpclient.netty.handler.HttpHandler -- 

Request DefaultFullHttpRequest(decodeResult: success, version: HTTP/1.1, content: EmptyByteBufBE)
GET /session/510179eeeb9ea9f0f05f3b7a2d7485ff/element/f.4E4766E737F21A9BC96203D3CBF90036.d.751FD4F6ECB5E3BC264A79708983A45A.e.38/text HTTP/1.1
User-Agent: selenium/4.10.0 (java mac)
Cache-Control: no-cache
Content-Type: application/json; charset=utf-8
host: localhost:27639
accept: */*

Response DefaultHttpResponse(decodeResult: success, version: HTTP/1.1)
HTTP/1.1 200 OK
Content-Length: 33
Content-Type: application/json; charset=utf-8
cache-control: no-cache

10:53:53.825 [AsyncHttpClient-1-2] DEBUG org.asynchttpclient.netty.channel.ChannelManager -- Adding key: http://localhost:27639 for channel [id: 0x2b8d367c, L:/127.0.0.1:58810 - R:localhost/127.0.0.1:27639]
10:53:53.825 [main] INFO pages.ProductPage -- Added to cart: Sauce Labs Bike Light
10:53:53.826 [Forwarding findElement on session 510179eeeb9ea9f0f05f3b7a2d7485ff to remote] DEBUG org.asynchttpclient.netty.request.NettyRequestSender -- Using pooled Channel '[id: 0x2b8d367c, L:/127.0.0.1:58810 - R:localhost/127.0.0.1:27639]' for 'POST' to 'http://localhost:27639/session/510179eeeb9ea9f0f05f3b7a2d7485ff/element'
10:53:53.826 [Forwarding findElement on session 510179eeeb9ea9f0f05f3b7a2d7485ff to remote] DEBUG org.asynchttpclient.netty.request.NettyRequestSender -- Using open Channel [id: 0x2b8d367c, L:/127.0.0.1:58810 - R:localhost/127.0.0.1:27639] for POST '/session/510179eeeb9ea9f0f05f3b7a2d7485ff/element'
10:53:53.831 [AsyncHttpClient-1-2] DEBUG org.asynchttpclient.netty.handler.HttpHandler -- 

Request DefaultHttpRequest(decodeResult: success, version: HTTP/1.1)
POST /session/510179eeeb9ea9f0f05f3b7a2d7485ff/element HTTP/1.1
User-Agent: selenium/4.10.0 (java mac)
Content-Length: 79
Content-Type: application/json; charset=utf-8
host: localhost:27639
accept: */*

Response DefaultHttpResponse(decodeResult: success, version: HTTP/1.1)
HTTP/1.1 200 OK
Content-Length: 126
Content-Type: application/json; charset=utf-8
cache-control: no-cache

10:53:53.832 [AsyncHttpClient-1-2] DEBUG org.asynchttpclient.netty.channel.ChannelManager -- Adding key: http://localhost:27639 for channel [id: 0x2b8d367c, L:/127.0.0.1:58810 - R:localhost/127.0.0.1:27639]
10:53:53.832 [Forwarding clickElement on session 510179eeeb9ea9f0f05f3b7a2d7485ff to remote] DEBUG org.asynchttpclient.netty.request.NettyRequestSender -- Using pooled Channel '[id: 0x2b8d367c, L:/127.0.0.1:58810 - R:localhost/127.0.0.1:27639]' for 'POST' to 'http://localhost:27639/session/510179eeeb9ea9f0f05f3b7a2d7485ff/element/f.4E4766E737F21A9BC96203D3CBF90036.d.751FD4F6ECB5E3BC264A79708983A45A.e.15/click'
10:53:53.832 [Forwarding clickElement on session 510179eeeb9ea9f0f05f3b7a2d7485ff to remote] DEBUG org.asynchttpclient.netty.request.NettyRequestSender -- Using open Channel [id: 0x2b8d367c, L:/127.0.0.1:58810 - R:localhost/127.0.0.1:27639] for POST '/session/510179eeeb9ea9f0f05f3b7a2d7485ff/element/f.4E4766E737F21A9BC96203D3CBF90036.d.751FD4F6ECB5E3BC264A79708983A45A.e.15/click'
10:53:53.861 [AsyncHttpClient-1-2] DEBUG org.asynchttpclient.netty.handler.HttpHandler -- 

Request DefaultHttpRequest(decodeResult: success, version: HTTP/1.1)
POST /session/510179eeeb9ea9f0f05f3b7a2d7485ff/element/f.4E4766E737F21A9BC96203D3CBF90036.d.751FD4F6ECB5E3BC264A79708983A45A.e.15/click HTTP/1.1
User-Agent: selenium/4.10.0 (java mac)
Content-Length: 88
Content-Type: application/json; charset=utf-8
host: localhost:27639
accept: */*

Response DefaultHttpResponse(decodeResult: success, version: HTTP/1.1)
HTTP/1.1 200 OK
Content-Length: 14
Content-Type: application/json; charset=utf-8
cache-control: no-cache

10:53:53.861 [AsyncHttpClient-1-2] DEBUG org.asynchttpclient.netty.channel.ChannelManager -- Adding key: http://localhost:27639 for channel [id: 0x2b8d367c, L:/127.0.0.1:58810 - R:localhost/127.0.0.1:27639]
10:53:53.862 [Forwarding getCurrentUrl on session 510179eeeb9ea9f0f05f3b7a2d7485ff to remote] DEBUG org.asynchttpclient.netty.request.NettyRequestSender -- Using pooled Channel '[id: 0x2b8d367c, L:/127.0.0.1:58810 - R:localhost/127.0.0.1:27639]' for 'GET' to 'http://localhost:27639/session/510179eeeb9ea9f0f05f3b7a2d7485ff/url'
10:53:53.862 [Forwarding getCurrentUrl on session 510179eeeb9ea9f0f05f3b7a2d7485ff to remote] DEBUG org.asynchttpclient.netty.request.NettyRequestSender -- Using open Channel [id: 0x2b8d367c, L:/127.0.0.1:58810 - R:localhost/127.0.0.1:27639] for GET '/session/510179eeeb9ea9f0f05f3b7a2d7485ff/url'
10:53:53.865 [AsyncHttpClient-1-2] DEBUG org.asynchttpclient.netty.handler.HttpHandler -- 

Request DefaultFullHttpRequest(decodeResult: success, version: HTTP/1.1, content: EmptyByteBufBE)
GET /session/510179eeeb9ea9f0f05f3b7a2d7485ff/url HTTP/1.1
User-Agent: selenium/4.10.0 (java mac)
Cache-Control: no-cache
Content-Type: application/json; charset=utf-8
host: localhost:27639
accept: */*

Response DefaultHttpResponse(decodeResult: success, version: HTTP/1.1)
HTTP/1.1 200 OK
Content-Length: 47
Content-Type: application/json; charset=utf-8
cache-control: no-cache

10:53:53.865 [AsyncHttpClient-1-2] DEBUG org.asynchttpclient.netty.channel.ChannelManager -- Adding key: http://localhost:27639 for channel [id: 0x2b8d367c, L:/127.0.0.1:58810 - R:localhost/127.0.0.1:27639]
]]></system-out>
  </testcase>
  <testcase name="checkoutProcessTest" classname="tests.SwagLabsTest" time="0.193">
    <system-out><![CDATA[10:53:53.867 [Forwarding findElement on session 510179eeeb9ea9f0f05f3b7a2d7485ff to remote] DEBUG org.asynchttpclient.netty.request.NettyRequestSender -- Using pooled Channel '[id: 0x2b8d367c, L:/127.0.0.1:58810 - R:localhost/127.0.0.1:27639]' for 'POST' to 'http://localhost:27639/session/510179eeeb9ea9f0f05f3b7a2d7485ff/element'
10:53:53.867 [Forwarding findElement on session 510179eeeb9ea9f0f05f3b7a2d7485ff to remote] DEBUG org.asynchttpclient.netty.request.NettyRequestSender -- Using open Channel [id: 0x2b8d367c, L:/127.0.0.1:58810 - R:localhost/127.0.0.1:27639] for POST '/session/510179eeeb9ea9f0f05f3b7a2d7485ff/element'
10:53:53.873 [AsyncHttpClient-1-2] DEBUG org.asynchttpclient.netty.handler.HttpHandler -- 

Request DefaultHttpRequest(decodeResult: success, version: HTTP/1.1)
POST /session/510179eeeb9ea9f0f05f3b7a2d7485ff/element HTTP/1.1
User-Agent: selenium/4.10.0 (java mac)
Content-Length: 53
Content-Type: application/json; charset=utf-8
host: localhost:27639
accept: */*

Response DefaultHttpResponse(decodeResult: success, version: HTTP/1.1)
HTTP/1.1 200 OK
Content-Length: 126
Content-Type: application/json; charset=utf-8
cache-control: no-cache

10:53:53.873 [AsyncHttpClient-1-2] DEBUG org.asynchttpclient.netty.channel.ChannelManager -- Adding key: http://localhost:27639 for channel [id: 0x2b8d367c, L:/127.0.0.1:58810 - R:localhost/127.0.0.1:27639]
10:53:53.874 [Forwarding clickElement on session 510179eeeb9ea9f0f05f3b7a2d7485ff to remote] DEBUG org.asynchttpclient.netty.request.NettyRequestSender -- Using pooled Channel '[id: 0x2b8d367c, L:/127.0.0.1:58810 - R:localhost/127.0.0.1:27639]' for 'POST' to 'http://localhost:27639/session/510179eeeb9ea9f0f05f3b7a2d7485ff/element/f.4E4766E737F21A9BC96203D3CBF90036.d.751FD4F6ECB5E3BC264A79708983A45A.e.43/click'
10:53:53.874 [Forwarding clickElement on session 510179eeeb9ea9f0f05f3b7a2d7485ff to remote] DEBUG org.asynchttpclient.netty.request.NettyRequestSender -- Using open Channel [id: 0x2b8d367c, L:/127.0.0.1:58810 - R:localhost/127.0.0.1:27639] for POST '/session/510179eeeb9ea9f0f05f3b7a2d7485ff/element/f.4E4766E737F21A9BC96203D3CBF90036.d.751FD4F6ECB5E3BC264A79708983A45A.e.43/click'
10:53:53.898 [AsyncHttpClient-1-2] DEBUG org.asynchttpclient.netty.handler.HttpHandler -- 

Request DefaultHttpRequest(decodeResult: success, version: HTTP/1.1)
POST /session/510179eeeb9ea9f0f05f3b7a2d7485ff/element/f.4E4766E737F21A9BC96203D3CBF90036.d.751FD4F6ECB5E3BC264A79708983A45A.e.43/click HTTP/1.1
User-Agent: selenium/4.10.0 (java mac)
Content-Length: 88
Content-Type: application/json; charset=utf-8
host: localhost:27639
accept: */*

Response DefaultHttpResponse(decodeResult: success, version: HTTP/1.1)
HTTP/1.1 200 OK
Content-Length: 14
Content-Type: application/json; charset=utf-8
cache-control: no-cache

10:53:53.899 [AsyncHttpClient-1-2] DEBUG org.asynchttpclient.netty.channel.ChannelManager -- Adding key: http://localhost:27639 for channel [id: 0x2b8d367c, L:/127.0.0.1:58810 - R:localhost/127.0.0.1:27639]
10:53:53.900 [Forwarding getCurrentUrl on session 510179eeeb9ea9f0f05f3b7a2d7485ff to remote] DEBUG org.asynchttpclient.netty.request.NettyRequestSender -- Using pooled Channel '[id: 0x2b8d367c, L:/127.0.0.1:58810 - R:localhost/127.0.0.1:27639]' for 'GET' to 'http://localhost:27639/session/510179eeeb9ea9f0f05f3b7a2d7485ff/url'
10:53:53.900 [Forwarding getCurrentUrl on session 510179eeeb9ea9f0f05f3b7a2d7485ff to remote] DEBUG org.asynchttpclient.netty.request.NettyRequestSender -- Using open Channel [id: 0x2b8d367c, L:/127.0.0.1:58810 - R:localhost/127.0.0.1:27639] for GET '/session/510179eeeb9ea9f0f05f3b7a2d7485ff/url'
10:53:53.902 [AsyncHttpClient-1-2] DEBUG org.asynchttpclient.netty.handler.HttpHandler -- 

Request DefaultFullHttpRequest(decodeResult: success, version: HTTP/1.1, content: EmptyByteBufBE)
GET /session/510179eeeb9ea9f0f05f3b7a2d7485ff/url HTTP/1.1
User-Agent: selenium/4.10.0 (java mac)
Cache-Control: no-cache
Content-Type: application/json; charset=utf-8
host: localhost:27639
accept: */*

Response DefaultHttpResponse(decodeResult: success, version: HTTP/1.1)
HTTP/1.1 200 OK
Content-Length: 60
Content-Type: application/json; charset=utf-8
cache-control: no-cache

10:53:53.902 [AsyncHttpClient-1-2] DEBUG org.asynchttpclient.netty.channel.ChannelManager -- Adding key: http://localhost:27639 for channel [id: 0x2b8d367c, L:/127.0.0.1:58810 - R:localhost/127.0.0.1:27639]
10:53:53.903 [Forwarding findElement on session 510179eeeb9ea9f0f05f3b7a2d7485ff to remote] DEBUG org.asynchttpclient.netty.request.NettyRequestSender -- Using pooled Channel '[id: 0x2b8d367c, L:/127.0.0.1:58810 - R:localhost/127.0.0.1:27639]' for 'POST' to 'http://localhost:27639/session/510179eeeb9ea9f0f05f3b7a2d7485ff/element'
10:53:53.903 [Forwarding findElement on session 510179eeeb9ea9f0f05f3b7a2d7485ff to remote] DEBUG org.asynchttpclient.netty.request.NettyRequestSender -- Using open Channel [id: 0x2b8d367c, L:/127.0.0.1:58810 - R:localhost/127.0.0.1:27639] for POST '/session/510179eeeb9ea9f0f05f3b7a2d7485ff/element'
10:53:53.908 [AsyncHttpClient-1-2] DEBUG org.asynchttpclient.netty.handler.HttpHandler -- 

Request DefaultHttpRequest(decodeResult: success, version: HTTP/1.1)
POST /session/510179eeeb9ea9f0f05f3b7a2d7485ff/element HTTP/1.1
User-Agent: selenium/4.10.0 (java mac)
Content-Length: 57
Content-Type: application/json; charset=utf-8
host: localhost:27639
accept: */*

Response DefaultHttpResponse(decodeResult: success, version: HTTP/1.1)
HTTP/1.1 200 OK
Content-Length: 126
Content-Type: application/json; charset=utf-8
cache-control: no-cache

10:53:53.909 [AsyncHttpClient-1-2] DEBUG org.asynchttpclient.netty.channel.ChannelManager -- Adding key: http://localhost:27639 for channel [id: 0x2b8d367c, L:/127.0.0.1:58810 - R:localhost/127.0.0.1:27639]
10:53:53.910 [Forwarding sendKeysToElement on session 510179eeeb9ea9f0f05f3b7a2d7485ff to remote] DEBUG org.asynchttpclient.netty.request.NettyRequestSender -- Using pooled Channel '[id: 0x2b8d367c, L:/127.0.0.1:58810 - R:localhost/127.0.0.1:27639]' for 'POST' to 'http://localhost:27639/session/510179eeeb9ea9f0f05f3b7a2d7485ff/element/f.4E4766E737F21A9BC96203D3CBF90036.d.751FD4F6ECB5E3BC264A79708983A45A.e.47/value'
10:53:53.910 [Forwarding sendKeysToElement on session 510179eeeb9ea9f0f05f3b7a2d7485ff to remote] DEBUG org.asynchttpclient.netty.request.NettyRequestSender -- Using open Channel [id: 0x2b8d367c, L:/127.0.0.1:58810 - R:localhost/127.0.0.1:27639] for POST '/session/510179eeeb9ea9f0f05f3b7a2d7485ff/element/f.4E4766E737F21A9BC96203D3CBF90036.d.751FD4F6ECB5E3BC264A79708983A45A.e.47/value'
10:53:53.930 [AsyncHttpClient-1-2] DEBUG org.asynchttpclient.netty.handler.HttpHandler -- 

Request DefaultHttpRequest(decodeResult: success, version: HTTP/1.1)
POST /session/510179eeeb9ea9f0f05f3b7a2d7485ff/element/f.4E4766E737F21A9BC96203D3CBF90036.d.751FD4F6ECB5E3BC264A79708983A45A.e.47/value HTTP/1.1
User-Agent: selenium/4.10.0 (java mac)
Content-Length: 169
Content-Type: application/json; charset=utf-8
host: localhost:27639
accept: */*

Response DefaultHttpResponse(decodeResult: success, version: HTTP/1.1)
HTTP/1.1 200 OK
Content-Length: 14
Content-Type: application/json; charset=utf-8
cache-control: no-cache

10:53:53.930 [AsyncHttpClient-1-2] DEBUG org.asynchttpclient.netty.channel.ChannelManager -- Adding key: http://localhost:27639 for channel [id: 0x2b8d367c, L:/127.0.0.1:58810 - R:localhost/127.0.0.1:27639]
10:53:53.931 [Forwarding findElement on session 510179eeeb9ea9f0f05f3b7a2d7485ff to remote] DEBUG org.asynchttpclient.netty.request.NettyRequestSender -- Using pooled Channel '[id: 0x2b8d367c, L:/127.0.0.1:58810 - R:localhost/127.0.0.1:27639]' for 'POST' to 'http://localhost:27639/session/510179eeeb9ea9f0f05f3b7a2d7485ff/element'
10:53:53.931 [Forwarding findElement on session 510179eeeb9ea9f0f05f3b7a2d7485ff to remote] DEBUG org.asynchttpclient.netty.request.NettyRequestSender -- Using open Channel [id: 0x2b8d367c, L:/127.0.0.1:58810 - R:localhost/127.0.0.1:27639] for POST '/session/510179eeeb9ea9f0f05f3b7a2d7485ff/element'
10:53:53.936 [AsyncHttpClient-1-2] DEBUG org.asynchttpclient.netty.handler.HttpHandler -- 

Request DefaultHttpRequest(decodeResult: success, version: HTTP/1.1)
POST /session/510179eeeb9ea9f0f05f3b7a2d7485ff/element HTTP/1.1
User-Agent: selenium/4.10.0 (java mac)
Content-Length: 56
Content-Type: application/json; charset=utf-8
host: localhost:27639
accept: */*

Response DefaultHttpResponse(decodeResult: success, version: HTTP/1.1)
HTTP/1.1 200 OK
Content-Length: 126
Content-Type: application/json; charset=utf-8
cache-control: no-cache

10:53:53.936 [AsyncHttpClient-1-2] DEBUG org.asynchttpclient.netty.channel.ChannelManager -- Adding key: http://localhost:27639 for channel [id: 0x2b8d367c, L:/127.0.0.1:58810 - R:localhost/127.0.0.1:27639]
10:53:53.937 [Forwarding sendKeysToElement on session 510179eeeb9ea9f0f05f3b7a2d7485ff to remote] DEBUG org.asynchttpclient.netty.request.NettyRequestSender -- Using pooled Channel '[id: 0x2b8d367c, L:/127.0.0.1:58810 - R:localhost/127.0.0.1:27639]' for 'POST' to 'http://localhost:27639/session/510179eeeb9ea9f0f05f3b7a2d7485ff/element/f.4E4766E737F21A9BC96203D3CBF90036.d.751FD4F6ECB5E3BC264A79708983A45A.e.50/value'
10:53:53.937 [Forwarding sendKeysToElement on session 510179eeeb9ea9f0f05f3b7a2d7485ff to remote] DEBUG org.asynchttpclient.netty.request.NettyRequestSender -- Using open Channel [id: 0x2b8d367c, L:/127.0.0.1:58810 - R:localhost/127.0.0.1:27639] for POST '/session/510179eeeb9ea9f0f05f3b7a2d7485ff/element/f.4E4766E737F21A9BC96203D3CBF90036.d.751FD4F6ECB5E3BC264A79708983A45A.e.50/value'
10:53:53.956 [AsyncHttpClient-1-2] DEBUG org.asynchttpclient.netty.handler.HttpHandler -- 

Request DefaultHttpRequest(decodeResult: success, version: HTTP/1.1)
POST /session/510179eeeb9ea9f0f05f3b7a2d7485ff/element/f.4E4766E737F21A9BC96203D3CBF90036.d.751FD4F6ECB5E3BC264A79708983A45A.e.50/value HTTP/1.1
User-Agent: selenium/4.10.0 (java mac)
Content-Length: 159
Content-Type: application/json; charset=utf-8
host: localhost:27639
accept: */*

Response DefaultHttpResponse(decodeResult: success, version: HTTP/1.1)
HTTP/1.1 200 OK
Content-Length: 14
Content-Type: application/json; charset=utf-8
cache-control: no-cache

10:53:53.956 [AsyncHttpClient-1-2] DEBUG org.asynchttpclient.netty.channel.ChannelManager -- Adding key: http://localhost:27639 for channel [id: 0x2b8d367c, L:/127.0.0.1:58810 - R:localhost/127.0.0.1:27639]
10:53:53.957 [Forwarding findElement on session 510179eeeb9ea9f0f05f3b7a2d7485ff to remote] DEBUG org.asynchttpclient.netty.request.NettyRequestSender -- Using pooled Channel '[id: 0x2b8d367c, L:/127.0.0.1:58810 - R:localhost/127.0.0.1:27639]' for 'POST' to 'http://localhost:27639/session/510179eeeb9ea9f0f05f3b7a2d7485ff/element'
10:53:53.957 [Forwarding findElement on session 510179eeeb9ea9f0f05f3b7a2d7485ff to remote] DEBUG org.asynchttpclient.netty.request.NettyRequestSender -- Using open Channel [id: 0x2b8d367c, L:/127.0.0.1:58810 - R:localhost/127.0.0.1:27639] for POST '/session/510179eeeb9ea9f0f05f3b7a2d7485ff/element'
10:53:53.962 [AsyncHttpClient-1-2] DEBUG org.asynchttpclient.netty.handler.HttpHandler -- 

Request DefaultHttpRequest(decodeResult: success, version: HTTP/1.1)
POST /session/510179eeeb9ea9f0f05f3b7a2d7485ff/element HTTP/1.1
User-Agent: selenium/4.10.0 (java mac)
Content-Length: 58
Content-Type: application/json; charset=utf-8
host: localhost:27639
accept: */*

Response DefaultHttpResponse(decodeResult: success, version: HTTP/1.1)
HTTP/1.1 200 OK
Content-Length: 126
Content-Type: application/json; charset=utf-8
cache-control: no-cache

10:53:53.962 [AsyncHttpClient-1-2] DEBUG org.asynchttpclient.netty.channel.ChannelManager -- Adding key: http://localhost:27639 for channel [id: 0x2b8d367c, L:/127.0.0.1:58810 - R:localhost/127.0.0.1:27639]
10:53:53.963 [Forwarding sendKeysToElement on session 510179eeeb9ea9f0f05f3b7a2d7485ff to remote] DEBUG org.asynchttpclient.netty.request.NettyRequestSender -- Using pooled Channel '[id: 0x2b8d367c, L:/127.0.0.1:58810 - R:localhost/127.0.0.1:27639]' for 'POST' to 'http://localhost:27639/session/510179eeeb9ea9f0f05f3b7a2d7485ff/element/f.4E4766E737F21A9BC96203D3CBF90036.d.751FD4F6ECB5E3BC264A79708983A45A.e.51/value'
10:53:53.963 [Forwarding sendKeysToElement on session 510179eeeb9ea9f0f05f3b7a2d7485ff to remote] DEBUG org.asynchttpclient.netty.request.NettyRequestSender -- Using open Channel [id: 0x2b8d367c, L:/127.0.0.1:58810 - R:localhost/127.0.0.1:27639] for POST '/session/510179eeeb9ea9f0f05f3b7a2d7485ff/element/f.4E4766E737F21A9BC96203D3CBF90036.d.751FD4F6ECB5E3BC264A79708983A45A.e.51/value'
10:53:53.984 [AsyncHttpClient-1-2] DEBUG org.asynchttpclient.netty.handler.HttpHandler -- 

Request DefaultHttpRequest(decodeResult: success, version: HTTP/1.1)
POST /session/510179eeeb9ea9f0f05f3b7a2d7485ff/element/f.4E4766E737F21A9BC96203D3CBF90036.d.751FD4F6ECB5E3BC264A79708983A45A.e.51/value HTTP/1.1
User-Agent: selenium/4.10.0 (java mac)
Content-Length: 179
Content-Type: application/json; charset=utf-8
host: localhost:27639
accept: */*

Response DefaultHttpResponse(decodeResult: success, version: HTTP/1.1)
HTTP/1.1 200 OK
Content-Length: 14
Content-Type: application/json; charset=utf-8
cache-control: no-cache

10:53:53.985 [AsyncHttpClient-1-2] DEBUG org.asynchttpclient.netty.channel.ChannelManager -- Adding key: http://localhost:27639 for channel [id: 0x2b8d367c, L:/127.0.0.1:58810 - R:localhost/127.0.0.1:27639]
10:53:53.986 [Forwarding findElement on session 510179eeeb9ea9f0f05f3b7a2d7485ff to remote] DEBUG org.asynchttpclient.netty.request.NettyRequestSender -- Using pooled Channel '[id: 0x2b8d367c, L:/127.0.0.1:58810 - R:localhost/127.0.0.1:27639]' for 'POST' to 'http://localhost:27639/session/510179eeeb9ea9f0f05f3b7a2d7485ff/element'
10:53:53.986 [Forwarding findElement on session 510179eeeb9ea9f0f05f3b7a2d7485ff to remote] DEBUG org.asynchttpclient.netty.request.NettyRequestSender -- Using open Channel [id: 0x2b8d367c, L:/127.0.0.1:58810 - R:localhost/127.0.0.1:27639] for POST '/session/510179eeeb9ea9f0f05f3b7a2d7485ff/element'
10:53:53.991 [AsyncHttpClient-1-2] DEBUG org.asynchttpclient.netty.handler.HttpHandler -- 

Request DefaultHttpRequest(decodeResult: success, version: HTTP/1.1)
POST /session/510179eeeb9ea9f0f05f3b7a2d7485ff/element HTTP/1.1
User-Agent: selenium/4.10.0 (java mac)
Content-Length: 53
Content-Type: application/json; charset=utf-8
host: localhost:27639
accept: */*

Response DefaultHttpResponse(decodeResult: success, version: HTTP/1.1)
HTTP/1.1 200 OK
Content-Length: 126
Content-Type: application/json; charset=utf-8
cache-control: no-cache

10:53:53.992 [AsyncHttpClient-1-2] DEBUG org.asynchttpclient.netty.channel.ChannelManager -- Adding key: http://localhost:27639 for channel [id: 0x2b8d367c, L:/127.0.0.1:58810 - R:localhost/127.0.0.1:27639]
10:53:53.993 [Forwarding clickElement on session 510179eeeb9ea9f0f05f3b7a2d7485ff to remote] DEBUG org.asynchttpclient.netty.request.NettyRequestSender -- Using pooled Channel '[id: 0x2b8d367c, L:/127.0.0.1:58810 - R:localhost/127.0.0.1:27639]' for 'POST' to 'http://localhost:27639/session/510179eeeb9ea9f0f05f3b7a2d7485ff/element/f.4E4766E737F21A9BC96203D3CBF90036.d.751FD4F6ECB5E3BC264A79708983A45A.e.54/click'
10:53:53.993 [Forwarding clickElement on session 510179eeeb9ea9f0f05f3b7a2d7485ff to remote] DEBUG org.asynchttpclient.netty.request.NettyRequestSender -- Using open Channel [id: 0x2b8d367c, L:/127.0.0.1:58810 - R:localhost/127.0.0.1:27639] for POST '/session/510179eeeb9ea9f0f05f3b7a2d7485ff/element/f.4E4766E737F21A9BC96203D3CBF90036.d.751FD4F6ECB5E3BC264A79708983A45A.e.54/click'
10:53:54.021 [AsyncHttpClient-1-2] DEBUG org.asynchttpclient.netty.handler.HttpHandler -- 

Request DefaultHttpRequest(decodeResult: success, version: HTTP/1.1)
POST /session/510179eeeb9ea9f0f05f3b7a2d7485ff/element/f.4E4766E737F21A9BC96203D3CBF90036.d.751FD4F6ECB5E3BC264A79708983A45A.e.54/click HTTP/1.1
User-Agent: selenium/4.10.0 (java mac)
Content-Length: 88
Content-Type: application/json; charset=utf-8
host: localhost:27639
accept: */*

Response DefaultHttpResponse(decodeResult: success, version: HTTP/1.1)
HTTP/1.1 200 OK
Content-Length: 14
Content-Type: application/json; charset=utf-8
cache-control: no-cache

10:53:54.021 [AsyncHttpClient-1-2] DEBUG org.asynchttpclient.netty.channel.ChannelManager -- Adding key: http://localhost:27639 for channel [id: 0x2b8d367c, L:/127.0.0.1:58810 - R:localhost/127.0.0.1:27639]
10:53:54.022 [Forwarding getCurrentUrl on session 510179eeeb9ea9f0f05f3b7a2d7485ff to remote] DEBUG org.asynchttpclient.netty.request.NettyRequestSender -- Using pooled Channel '[id: 0x2b8d367c, L:/127.0.0.1:58810 - R:localhost/127.0.0.1:27639]' for 'GET' to 'http://localhost:27639/session/510179eeeb9ea9f0f05f3b7a2d7485ff/url'
10:53:54.022 [Forwarding getCurrentUrl on session 510179eeeb9ea9f0f05f3b7a2d7485ff to remote] DEBUG org.asynchttpclient.netty.request.NettyRequestSender -- Using open Channel [id: 0x2b8d367c, L:/127.0.0.1:58810 - R:localhost/127.0.0.1:27639] for GET '/session/510179eeeb9ea9f0f05f3b7a2d7485ff/url'
10:53:54.024 [AsyncHttpClient-1-2] DEBUG org.asynchttpclient.netty.handler.HttpHandler -- 

Request DefaultFullHttpRequest(decodeResult: success, version: HTTP/1.1, content: EmptyByteBufBE)
GET /session/510179eeeb9ea9f0f05f3b7a2d7485ff/url HTTP/1.1
User-Agent: selenium/4.10.0 (java mac)
Cache-Control: no-cache
Content-Type: application/json; charset=utf-8
host: localhost:27639
accept: */*

Response DefaultHttpResponse(decodeResult: success, version: HTTP/1.1)
HTTP/1.1 200 OK
Content-Length: 60
Content-Type: application/json; charset=utf-8
cache-control: no-cache

10:53:54.024 [AsyncHttpClient-1-2] DEBUG org.asynchttpclient.netty.channel.ChannelManager -- Adding key: http://localhost:27639 for channel [id: 0x2b8d367c, L:/127.0.0.1:58810 - R:localhost/127.0.0.1:27639]
10:53:54.025 [Forwarding findElement on session 510179eeeb9ea9f0f05f3b7a2d7485ff to remote] DEBUG org.asynchttpclient.netty.request.NettyRequestSender -- Using pooled Channel '[id: 0x2b8d367c, L:/127.0.0.1:58810 - R:localhost/127.0.0.1:27639]' for 'POST' to 'http://localhost:27639/session/510179eeeb9ea9f0f05f3b7a2d7485ff/element'
10:53:54.025 [Forwarding findElement on session 510179eeeb9ea9f0f05f3b7a2d7485ff to remote] DEBUG org.asynchttpclient.netty.request.NettyRequestSender -- Using open Channel [id: 0x2b8d367c, L:/127.0.0.1:58810 - R:localhost/127.0.0.1:27639] for POST '/session/510179eeeb9ea9f0f05f3b7a2d7485ff/element'
10:53:54.029 [AsyncHttpClient-1-2] DEBUG org.asynchttpclient.netty.handler.HttpHandler -- 

Request DefaultHttpRequest(decodeResult: success, version: HTTP/1.1)
POST /session/510179eeeb9ea9f0f05f3b7a2d7485ff/element HTTP/1.1
User-Agent: selenium/4.10.0 (java mac)
Content-Length: 51
Content-Type: application/json; charset=utf-8
host: localhost:27639
accept: */*

Response DefaultHttpResponse(decodeResult: success, version: HTTP/1.1)
HTTP/1.1 200 OK
Content-Length: 126
Content-Type: application/json; charset=utf-8
cache-control: no-cache

10:53:54.030 [AsyncHttpClient-1-2] DEBUG org.asynchttpclient.netty.channel.ChannelManager -- Adding key: http://localhost:27639 for channel [id: 0x2b8d367c, L:/127.0.0.1:58810 - R:localhost/127.0.0.1:27639]
10:53:54.030 [Forwarding clickElement on session 510179eeeb9ea9f0f05f3b7a2d7485ff to remote] DEBUG org.asynchttpclient.netty.request.NettyRequestSender -- Using pooled Channel '[id: 0x2b8d367c, L:/127.0.0.1:58810 - R:localhost/127.0.0.1:27639]' for 'POST' to 'http://localhost:27639/session/510179eeeb9ea9f0f05f3b7a2d7485ff/element/f.4E4766E737F21A9BC96203D3CBF90036.d.751FD4F6ECB5E3BC264A79708983A45A.e.56/click'
10:53:54.030 [Forwarding clickElement on session 510179eeeb9ea9f0f05f3b7a2d7485ff to remote] DEBUG org.asynchttpclient.netty.request.NettyRequestSender -- Using open Channel [id: 0x2b8d367c, L:/127.0.0.1:58810 - R:localhost/127.0.0.1:27639] for POST '/session/510179eeeb9ea9f0f05f3b7a2d7485ff/element/f.4E4766E737F21A9BC96203D3CBF90036.d.751FD4F6ECB5E3BC264A79708983A45A.e.56/click'
10:53:54.056 [AsyncHttpClient-1-2] DEBUG org.asynchttpclient.netty.handler.HttpHandler -- 

Request DefaultHttpRequest(decodeResult: success, version: HTTP/1.1)
POST /session/510179eeeb9ea9f0f05f3b7a2d7485ff/element/f.4E4766E737F21A9BC96203D3CBF90036.d.751FD4F6ECB5E3BC264A79708983A45A.e.56/click HTTP/1.1
User-Agent: selenium/4.10.0 (java mac)
Content-Length: 88
Content-Type: application/json; charset=utf-8
host: localhost:27639
accept: */*

Response DefaultHttpResponse(decodeResult: success, version: HTTP/1.1)
HTTP/1.1 200 OK
Content-Length: 14
Content-Type: application/json; charset=utf-8
cache-control: no-cache

10:53:54.056 [AsyncHttpClient-1-2] DEBUG org.asynchttpclient.netty.channel.ChannelManager -- Adding key: http://localhost:27639 for channel [id: 0x2b8d367c, L:/127.0.0.1:58810 - R:localhost/127.0.0.1:27639]
10:53:54.057 [Forwarding getCurrentUrl on session 510179eeeb9ea9f0f05f3b7a2d7485ff to remote] DEBUG org.asynchttpclient.netty.request.NettyRequestSender -- Using pooled Channel '[id: 0x2b8d367c, L:/127.0.0.1:58810 - R:localhost/127.0.0.1:27639]' for 'GET' to 'http://localhost:27639/session/510179eeeb9ea9f0f05f3b7a2d7485ff/url'
10:53:54.057 [Forwarding getCurrentUrl on session 510179eeeb9ea9f0f05f3b7a2d7485ff to remote] DEBUG org.asynchttpclient.netty.request.NettyRequestSender -- Using open Channel [id: 0x2b8d367c, L:/127.0.0.1:58810 - R:localhost/127.0.0.1:27639] for GET '/session/510179eeeb9ea9f0f05f3b7a2d7485ff/url'
10:53:54.058 [AsyncHttpClient-1-2] DEBUG org.asynchttpclient.netty.handler.HttpHandler -- 

Request DefaultFullHttpRequest(decodeResult: success, version: HTTP/1.1, content: EmptyByteBufBE)
GET /session/510179eeeb9ea9f0f05f3b7a2d7485ff/url HTTP/1.1
User-Agent: selenium/4.10.0 (java mac)
Cache-Control: no-cache
Content-Type: application/json; charset=utf-8
host: localhost:27639
accept: */*

Response DefaultHttpResponse(decodeResult: success, version: HTTP/1.1)
HTTP/1.1 200 OK
Content-Length: 60
Content-Type: application/json; charset=utf-8
cache-control: no-cache

10:53:54.059 [AsyncHttpClient-1-2] DEBUG org.asynchttpclient.netty.channel.ChannelManager -- Adding key: http://localhost:27639 for channel [id: 0x2b8d367c, L:/127.0.0.1:58810 - R:localhost/127.0.0.1:27639]
]]></system-out>
  </testcase>
</testsuite>